
============================================
2021-10-03 06:59:25.690524 Flask Worker initialized
Sending Order to Binance...
Sending order: Symbol BTCUSDT Quantity: 0.40335 Buy/Sell: buy Type: market Time in force: gtc
 ---- Order Sent


============================================

============================================
2021-10-03 07:00:14.779091 Flask Worker initialized
2021-10-03 07:00:14.779091 Flask Worker initialized
Sending Order to Binance...
Sending Order to Binance...
Sending order: Symbol BTCUSDT Quantity: 0.4033 Buy/Sell: buy Type: market Time in force: gtc
Sending order: Symbol BTCUSDT Quantity: 0.4033 Buy/Sell: buy Type: market Time in force: gtc
 ---- Order Sent

 ---- Order Sent


============================================
2021-10-03 07:00:51.106341 Flask Worker initialized
Sending Order to Binance...
Sending order: Symbol BTCUSDT Quantity: 0.403 Buy/Sell: buy Type: market Time in force: gtc
 ---- Order Sent

